<?xml version="1.0" encoding="UTF-8"?>
<testsuite xmlns:xsi="http://www.w3.org/2001/XMLSchema-instance" xsi:noNamespaceSchemaLocation="https://maven.apache.org/surefire/maven-surefire-plugin/xsd/surefire-test-report.xsd" name="com.ToDoList.ToDoListApplicationTests" time="1.103" tests="1" errors="1" skipped="0" failures="0">
  <properties>
    <property name="sun.desktop" value="gnome"/>
    <property name="awt.toolkit" value="sun.awt.X11.XToolkit"/>
    <property name="file.encoding.pkg" value="sun.io"/>
    <property name="java.specification.version" value="1.8"/>
    <property name="sun.cpu.isalist" value=""/>
    <property name="sun.jnu.encoding" value="UTF-8"/>
    <property name="java.class.path" value="/home/ranchordas/practice/springMVC/ToDoList/target/test-classes:/home/ranchordas/practice/springMVC/ToDoList/target/classes:/home/ranchordas/software/maven/org/springframework/boot/spring-boot-starter-data-jpa/2.2.1.RELEASE/spring-boot-starter-data-jpa-2.2.1.RELEASE.jar:/home/ranchordas/software/maven/org/springframework/boot/spring-boot-starter-aop/2.2.1.RELEASE/spring-boot-starter-aop-2.2.1.RELEASE.jar:/home/ranchordas/software/maven/org/springframework/spring-aop/5.2.1.RELEASE/spring-aop-5.2.1.RELEASE.jar:/home/ranchordas/software/maven/org/aspectj/aspectjweaver/1.9.4/aspectjweaver-1.9.4.jar:/home/ranchordas/software/maven/org/springframework/boot/spring-boot-starter-jdbc/2.2.1.RELEASE/spring-boot-starter-jdbc-2.2.1.RELEASE.jar:/home/ranchordas/software/maven/com/zaxxer/HikariCP/3.4.1/HikariCP-3.4.1.jar:/home/ranchordas/software/maven/org/springframework/spring-jdbc/5.2.1.RELEASE/spring-jdbc-5.2.1.RELEASE.jar:/home/ranchordas/software/maven/jakarta/activation/jakarta.activation-api/1.2.1/jakarta.activation-api-1.2.1.jar:/home/ranchordas/software/maven/jakarta/persistence/jakarta.persistence-api/2.2.3/jakarta.persistence-api-2.2.3.jar:/home/ranchordas/software/maven/jakarta/transaction/jakarta.transaction-api/1.3.3/jakarta.transaction-api-1.3.3.jar:/home/ranchordas/software/maven/org/hibernate/hibernate-core/5.4.8.Final/hibernate-core-5.4.8.Final.jar:/home/ranchordas/software/maven/org/jboss/logging/jboss-logging/3.4.1.Final/jboss-logging-3.4.1.Final.jar:/home/ranchordas/software/maven/org/javassist/javassist/3.24.0-GA/javassist-3.24.0-GA.jar:/home/ranchordas/software/maven/net/bytebuddy/byte-buddy/1.10.2/byte-buddy-1.10.2.jar:/home/ranchordas/software/maven/antlr/antlr/2.7.7/antlr-2.7.7.jar:/home/ranchordas/software/maven/org/jboss/jandex/2.0.5.Final/jandex-2.0.5.Final.jar:/home/ranchordas/software/maven/com/fasterxml/classmate/1.5.1/classmate-1.5.1.jar:/home/ranchordas/software/maven/org/dom4j/dom4j/2.1.1/dom4j-2.1.1.jar:/home/ranchordas/software/maven/org/hibernate/common/hibernate-commons-annotations/5.1.0.Final/hibernate-commons-annotations-5.1.0.Final.jar:/home/ranchordas/software/maven/org/glassfish/jaxb/jaxb-runtime/2.3.2/jaxb-runtime-2.3.2.jar:/home/ranchordas/software/maven/org/glassfish/jaxb/txw2/2.3.2/txw2-2.3.2.jar:/home/ranchordas/software/maven/com/sun/istack/istack-commons-runtime/3.0.8/istack-commons-runtime-3.0.8.jar:/home/ranchordas/software/maven/org/jvnet/staxex/stax-ex/1.8.1/stax-ex-1.8.1.jar:/home/ranchordas/software/maven/com/sun/xml/fastinfoset/FastInfoset/1.2.16/FastInfoset-1.2.16.jar:/home/ranchordas/software/maven/org/springframework/data/spring-data-jpa/2.2.1.RELEASE/spring-data-jpa-2.2.1.RELEASE.jar:/home/ranchordas/software/maven/org/springframework/data/spring-data-commons/2.2.1.RELEASE/spring-data-commons-2.2.1.RELEASE.jar:/home/ranchordas/software/maven/org/springframework/spring-orm/5.2.1.RELEASE/spring-orm-5.2.1.RELEASE.jar:/home/ranchordas/software/maven/org/springframework/spring-context/5.2.1.RELEASE/spring-context-5.2.1.RELEASE.jar:/home/ranchordas/software/maven/org/springframework/spring-tx/5.2.1.RELEASE/spring-tx-5.2.1.RELEASE.jar:/home/ranchordas/software/maven/org/springframework/spring-beans/5.2.1.RELEASE/spring-beans-5.2.1.RELEASE.jar:/home/ranchordas/software/maven/org/slf4j/slf4j-api/1.7.29/slf4j-api-1.7.29.jar:/home/ranchordas/software/maven/org/springframework/spring-aspects/5.2.1.RELEASE/spring-aspects-5.2.1.RELEASE.jar:/home/ranchordas/software/maven/org/springframework/boot/spring-boot-starter-web/2.2.1.RELEASE/spring-boot-starter-web-2.2.1.RELEASE.jar:/home/ranchordas/software/maven/org/springframework/boot/spring-boot-starter/2.2.1.RELEASE/spring-boot-starter-2.2.1.RELEASE.jar:/home/ranchordas/software/maven/org/springframework/boot/spring-boot/2.2.1.RELEASE/spring-boot-2.2.1.RELEASE.jar:/home/ranchordas/software/maven/org/springframework/boot/spring-boot-autoconfigure/2.2.1.RELEASE/spring-boot-autoconfigure-2.2.1.RELEASE.jar:/home/ranchordas/software/maven/org/springframework/boot/spring-boot-starter-logging/2.2.1.RELEASE/spring-boot-starter-logging-2.2.1.RELEASE.jar:/home/ranchordas/software/maven/ch/qos/logback/logback-classic/1.2.3/logback-classic-1.2.3.jar:/home/ranchordas/software/maven/ch/qos/logback/logback-core/1.2.3/logback-core-1.2.3.jar:/home/ranchordas/software/maven/org/apache/logging/log4j/log4j-to-slf4j/2.12.1/log4j-to-slf4j-2.12.1.jar:/home/ranchordas/software/maven/org/apache/logging/log4j/log4j-api/2.12.1/log4j-api-2.12.1.jar:/home/ranchordas/software/maven/org/slf4j/jul-to-slf4j/1.7.29/jul-to-slf4j-1.7.29.jar:/home/ranchordas/software/maven/jakarta/annotation/jakarta.annotation-api/1.3.5/jakarta.annotation-api-1.3.5.jar:/home/ranchordas/software/maven/org/yaml/snakeyaml/1.25/snakeyaml-1.25.jar:/home/ranchordas/software/maven/org/springframework/boot/spring-boot-starter-json/2.2.1.RELEASE/spring-boot-starter-json-2.2.1.RELEASE.jar:/home/ranchordas/software/maven/com/fasterxml/jackson/datatype/jackson-datatype-jdk8/2.10.0/jackson-datatype-jdk8-2.10.0.jar:/home/ranchordas/software/maven/com/fasterxml/jackson/datatype/jackson-datatype-jsr310/2.10.0/jackson-datatype-jsr310-2.10.0.jar:/home/ranchordas/software/maven/com/fasterxml/jackson/module/jackson-module-parameter-names/2.10.0/jackson-module-parameter-names-2.10.0.jar:/home/ranchordas/software/maven/org/springframework/boot/spring-boot-starter-tomcat/2.2.1.RELEASE/spring-boot-starter-tomcat-2.2.1.RELEASE.jar:/home/ranchordas/software/maven/org/apache/tomcat/embed/tomcat-embed-websocket/9.0.27/tomcat-embed-websocket-9.0.27.jar:/home/ranchordas/software/maven/org/springframework/boot/spring-boot-starter-validation/2.2.1.RELEASE/spring-boot-starter-validation-2.2.1.RELEASE.jar:/home/ranchordas/software/maven/jakarta/validation/jakarta.validation-api/2.0.1/jakarta.validation-api-2.0.1.jar:/home/ranchordas/software/maven/org/hibernate/validator/hibernate-validator/6.0.18.Final/hibernate-validator-6.0.18.Final.jar:/home/ranchordas/software/maven/org/springframework/spring-web/5.2.1.RELEASE/spring-web-5.2.1.RELEASE.jar:/home/ranchordas/software/maven/org/springframework/spring-webmvc/5.2.1.RELEASE/spring-webmvc-5.2.1.RELEASE.jar:/home/ranchordas/software/maven/org/springframework/spring-expression/5.2.1.RELEASE/spring-expression-5.2.1.RELEASE.jar:/home/ranchordas/software/maven/mysql/mysql-connector-java/8.0.18/mysql-connector-java-8.0.18.jar:/home/ranchordas/software/maven/commons-beanutils/commons-beanutils/1.9.4/commons-beanutils-1.9.4.jar:/home/ranchordas/software/maven/commons-logging/commons-logging/1.2/commons-logging-1.2.jar:/home/ranchordas/software/maven/commons-collections/commons-collections/3.2.2/commons-collections-3.2.2.jar:/home/ranchordas/software/maven/org/apache/tomcat/tomcat-jasper/9.0.27/tomcat-jasper-9.0.27.jar:/home/ranchordas/software/maven/org/apache/tomcat/tomcat-servlet-api/9.0.27/tomcat-servlet-api-9.0.27.jar:/home/ranchordas/software/maven/org/apache/tomcat/tomcat-juli/9.0.27/tomcat-juli-9.0.27.jar:/home/ranchordas/software/maven/org/apache/tomcat/tomcat-jsp-api/9.0.27/tomcat-jsp-api-9.0.27.jar:/home/ranchordas/software/maven/org/apache/tomcat/tomcat-el-api/9.0.27/tomcat-el-api-9.0.27.jar:/home/ranchordas/software/maven/org/eclipse/jdt/ecj/3.18.0/ecj-3.18.0.jar:/home/ranchordas/software/maven/org/apache/tomcat/tomcat-jasper-el/9.0.27/tomcat-jasper-el-9.0.27.jar:/home/ranchordas/software/maven/org/apache/tomcat/tomcat-api/9.0.27/tomcat-api-9.0.27.jar:/home/ranchordas/software/maven/org/apache/tomcat/tomcat-util-scan/9.0.27/tomcat-util-scan-9.0.27.jar:/home/ranchordas/software/maven/org/apache/tomcat/tomcat-util/9.0.27/tomcat-util-9.0.27.jar:/home/ranchordas/software/maven/org/apache/tomcat/embed/tomcat-embed-jasper/9.0.27/tomcat-embed-jasper-9.0.27.jar:/home/ranchordas/software/maven/org/apache/tomcat/embed/tomcat-embed-core/9.0.27/tomcat-embed-core-9.0.27.jar:/home/ranchordas/software/maven/org/apache/tomcat/tomcat-annotations-api/9.0.27/tomcat-annotations-api-9.0.27.jar:/home/ranchordas/software/maven/org/apache/tomcat/embed/tomcat-embed-el/9.0.27/tomcat-embed-el-9.0.27.jar:/home/ranchordas/software/maven/javax/servlet/jstl/1.2/jstl-1.2.jar:/home/ranchordas/software/maven/com/fasterxml/jackson/core/jackson-databind/2.10.0/jackson-databind-2.10.0.jar:/home/ranchordas/software/maven/com/fasterxml/jackson/core/jackson-annotations/2.10.0/jackson-annotations-2.10.0.jar:/home/ranchordas/software/maven/com/fasterxml/jackson/core/jackson-core/2.10.0/jackson-core-2.10.0.jar:/home/ranchordas/software/maven/org/springframework/spring-jcl/5.2.1.RELEASE/spring-jcl-5.2.1.RELEASE.jar:/home/ranchordas/software/maven/org/projectlombok/lombok/1.18.10/lombok-1.18.10.jar:/home/ranchordas/software/maven/org/springframework/boot/spring-boot-starter-test/2.2.1.RELEASE/spring-boot-starter-test-2.2.1.RELEASE.jar:/home/ranchordas/software/maven/org/springframework/boot/spring-boot-test/2.2.1.RELEASE/spring-boot-test-2.2.1.RELEASE.jar:/home/ranchordas/software/maven/org/springframework/boot/spring-boot-test-autoconfigure/2.2.1.RELEASE/spring-boot-test-autoconfigure-2.2.1.RELEASE.jar:/home/ranchordas/software/maven/com/jayway/jsonpath/json-path/2.4.0/json-path-2.4.0.jar:/home/ranchordas/software/maven/net/minidev/json-smart/2.3/json-smart-2.3.jar:/home/ranchordas/software/maven/net/minidev/accessors-smart/1.2/accessors-smart-1.2.jar:/home/ranchordas/software/maven/org/ow2/asm/asm/5.0.4/asm-5.0.4.jar:/home/ranchordas/software/maven/jakarta/xml/bind/jakarta.xml.bind-api/2.3.2/jakarta.xml.bind-api-2.3.2.jar:/home/ranchordas/software/maven/org/junit/jupiter/junit-jupiter/5.5.2/junit-jupiter-5.5.2.jar:/home/ranchordas/software/maven/org/junit/jupiter/junit-jupiter-api/5.5.2/junit-jupiter-api-5.5.2.jar:/home/ranchordas/software/maven/org/apiguardian/apiguardian-api/1.1.0/apiguardian-api-1.1.0.jar:/home/ranchordas/software/maven/org/opentest4j/opentest4j/1.2.0/opentest4j-1.2.0.jar:/home/ranchordas/software/maven/org/junit/platform/junit-platform-commons/1.5.2/junit-platform-commons-1.5.2.jar:/home/ranchordas/software/maven/org/junit/jupiter/junit-jupiter-params/5.5.2/junit-jupiter-params-5.5.2.jar:/home/ranchordas/software/maven/org/junit/jupiter/junit-jupiter-engine/5.5.2/junit-jupiter-engine-5.5.2.jar:/home/ranchordas/software/maven/org/junit/platform/junit-platform-engine/1.5.2/junit-platform-engine-1.5.2.jar:/home/ranchordas/software/maven/org/mockito/mockito-junit-jupiter/3.1.0/mockito-junit-jupiter-3.1.0.jar:/home/ranchordas/software/maven/org/assertj/assertj-core/3.13.2/assertj-core-3.13.2.jar:/home/ranchordas/software/maven/org/hamcrest/hamcrest/2.1/hamcrest-2.1.jar:/home/ranchordas/software/maven/org/mockito/mockito-core/3.1.0/mockito-core-3.1.0.jar:/home/ranchordas/software/maven/net/bytebuddy/byte-buddy-agent/1.10.2/byte-buddy-agent-1.10.2.jar:/home/ranchordas/software/maven/org/objenesis/objenesis/2.6/objenesis-2.6.jar:/home/ranchordas/software/maven/org/skyscreamer/jsonassert/1.5.0/jsonassert-1.5.0.jar:/home/ranchordas/software/maven/com/vaadin/external/google/android-json/0.0.20131108.vaadin1/android-json-0.0.20131108.vaadin1.jar:/home/ranchordas/software/maven/org/springframework/spring-core/5.2.1.RELEASE/spring-core-5.2.1.RELEASE.jar:/home/ranchordas/software/maven/org/springframework/spring-test/5.2.1.RELEASE/spring-test-5.2.1.RELEASE.jar:/home/ranchordas/software/maven/org/xmlunit/xmlunit-core/2.6.3/xmlunit-core-2.6.3.jar:"/>
    <property name="java.vm.vendor" value="Oracle Corporation"/>
    <property name="sun.arch.data.model" value="64"/>
    <property name="java.vendor.url" value="http://java.oracle.com/"/>
    <property name="user.timezone" value=""/>
    <property name="java.vm.specification.version" value="1.8"/>
    <property name="os.name" value="Linux"/>
    <property name="user.country" value="IN"/>
    <property name="sun.java.launcher" value="SUN_STANDARD"/>
    <property name="sun.boot.library.path" value="/usr/lib/jvm/jdk1.8.0_112/jre/lib/amd64"/>
    <property name="sun.java.command" value="/home/ranchordas/practice/springMVC/ToDoList/target/surefire/surefirebooter3750239976838382580.jar /home/ranchordas/practice/springMVC/ToDoList/target/surefire 2019-12-14T20-01-48_610-jvmRun1 surefire1578665943002653998tmp surefire_07082056005913406195tmp"/>
    <property name="surefire.test.class.path" value="/home/ranchordas/practice/springMVC/ToDoList/target/test-classes:/home/ranchordas/practice/springMVC/ToDoList/target/classes:/home/ranchordas/software/maven/org/springframework/boot/spring-boot-starter-data-jpa/2.2.1.RELEASE/spring-boot-starter-data-jpa-2.2.1.RELEASE.jar:/home/ranchordas/software/maven/org/springframework/boot/spring-boot-starter-aop/2.2.1.RELEASE/spring-boot-starter-aop-2.2.1.RELEASE.jar:/home/ranchordas/software/maven/org/springframework/spring-aop/5.2.1.RELEASE/spring-aop-5.2.1.RELEASE.jar:/home/ranchordas/software/maven/org/aspectj/aspectjweaver/1.9.4/aspectjweaver-1.9.4.jar:/home/ranchordas/software/maven/org/springframework/boot/spring-boot-starter-jdbc/2.2.1.RELEASE/spring-boot-starter-jdbc-2.2.1.RELEASE.jar:/home/ranchordas/software/maven/com/zaxxer/HikariCP/3.4.1/HikariCP-3.4.1.jar:/home/ranchordas/software/maven/org/springframework/spring-jdbc/5.2.1.RELEASE/spring-jdbc-5.2.1.RELEASE.jar:/home/ranchordas/software/maven/jakarta/activation/jakarta.activation-api/1.2.1/jakarta.activation-api-1.2.1.jar:/home/ranchordas/software/maven/jakarta/persistence/jakarta.persistence-api/2.2.3/jakarta.persistence-api-2.2.3.jar:/home/ranchordas/software/maven/jakarta/transaction/jakarta.transaction-api/1.3.3/jakarta.transaction-api-1.3.3.jar:/home/ranchordas/software/maven/org/hibernate/hibernate-core/5.4.8.Final/hibernate-core-5.4.8.Final.jar:/home/ranchordas/software/maven/org/jboss/logging/jboss-logging/3.4.1.Final/jboss-logging-3.4.1.Final.jar:/home/ranchordas/software/maven/org/javassist/javassist/3.24.0-GA/javassist-3.24.0-GA.jar:/home/ranchordas/software/maven/net/bytebuddy/byte-buddy/1.10.2/byte-buddy-1.10.2.jar:/home/ranchordas/software/maven/antlr/antlr/2.7.7/antlr-2.7.7.jar:/home/ranchordas/software/maven/org/jboss/jandex/2.0.5.Final/jandex-2.0.5.Final.jar:/home/ranchordas/software/maven/com/fasterxml/classmate/1.5.1/classmate-1.5.1.jar:/home/ranchordas/software/maven/org/dom4j/dom4j/2.1.1/dom4j-2.1.1.jar:/home/ranchordas/software/maven/org/hibernate/common/hibernate-commons-annotations/5.1.0.Final/hibernate-commons-annotations-5.1.0.Final.jar:/home/ranchordas/software/maven/org/glassfish/jaxb/jaxb-runtime/2.3.2/jaxb-runtime-2.3.2.jar:/home/ranchordas/software/maven/org/glassfish/jaxb/txw2/2.3.2/txw2-2.3.2.jar:/home/ranchordas/software/maven/com/sun/istack/istack-commons-runtime/3.0.8/istack-commons-runtime-3.0.8.jar:/home/ranchordas/software/maven/org/jvnet/staxex/stax-ex/1.8.1/stax-ex-1.8.1.jar:/home/ranchordas/software/maven/com/sun/xml/fastinfoset/FastInfoset/1.2.16/FastInfoset-1.2.16.jar:/home/ranchordas/software/maven/org/springframework/data/spring-data-jpa/2.2.1.RELEASE/spring-data-jpa-2.2.1.RELEASE.jar:/home/ranchordas/software/maven/org/springframework/data/spring-data-commons/2.2.1.RELEASE/spring-data-commons-2.2.1.RELEASE.jar:/home/ranchordas/software/maven/org/springframework/spring-orm/5.2.1.RELEASE/spring-orm-5.2.1.RELEASE.jar:/home/ranchordas/software/maven/org/springframework/spring-context/5.2.1.RELEASE/spring-context-5.2.1.RELEASE.jar:/home/ranchordas/software/maven/org/springframework/spring-tx/5.2.1.RELEASE/spring-tx-5.2.1.RELEASE.jar:/home/ranchordas/software/maven/org/springframework/spring-beans/5.2.1.RELEASE/spring-beans-5.2.1.RELEASE.jar:/home/ranchordas/software/maven/org/slf4j/slf4j-api/1.7.29/slf4j-api-1.7.29.jar:/home/ranchordas/software/maven/org/springframework/spring-aspects/5.2.1.RELEASE/spring-aspects-5.2.1.RELEASE.jar:/home/ranchordas/software/maven/org/springframework/boot/spring-boot-starter-web/2.2.1.RELEASE/spring-boot-starter-web-2.2.1.RELEASE.jar:/home/ranchordas/software/maven/org/springframework/boot/spring-boot-starter/2.2.1.RELEASE/spring-boot-starter-2.2.1.RELEASE.jar:/home/ranchordas/software/maven/org/springframework/boot/spring-boot/2.2.1.RELEASE/spring-boot-2.2.1.RELEASE.jar:/home/ranchordas/software/maven/org/springframework/boot/spring-boot-autoconfigure/2.2.1.RELEASE/spring-boot-autoconfigure-2.2.1.RELEASE.jar:/home/ranchordas/software/maven/org/springframework/boot/spring-boot-starter-logging/2.2.1.RELEASE/spring-boot-starter-logging-2.2.1.RELEASE.jar:/home/ranchordas/software/maven/ch/qos/logback/logback-classic/1.2.3/logback-classic-1.2.3.jar:/home/ranchordas/software/maven/ch/qos/logback/logback-core/1.2.3/logback-core-1.2.3.jar:/home/ranchordas/software/maven/org/apache/logging/log4j/log4j-to-slf4j/2.12.1/log4j-to-slf4j-2.12.1.jar:/home/ranchordas/software/maven/org/apache/logging/log4j/log4j-api/2.12.1/log4j-api-2.12.1.jar:/home/ranchordas/software/maven/org/slf4j/jul-to-slf4j/1.7.29/jul-to-slf4j-1.7.29.jar:/home/ranchordas/software/maven/jakarta/annotation/jakarta.annotation-api/1.3.5/jakarta.annotation-api-1.3.5.jar:/home/ranchordas/software/maven/org/yaml/snakeyaml/1.25/snakeyaml-1.25.jar:/home/ranchordas/software/maven/org/springframework/boot/spring-boot-starter-json/2.2.1.RELEASE/spring-boot-starter-json-2.2.1.RELEASE.jar:/home/ranchordas/software/maven/com/fasterxml/jackson/datatype/jackson-datatype-jdk8/2.10.0/jackson-datatype-jdk8-2.10.0.jar:/home/ranchordas/software/maven/com/fasterxml/jackson/datatype/jackson-datatype-jsr310/2.10.0/jackson-datatype-jsr310-2.10.0.jar:/home/ranchordas/software/maven/com/fasterxml/jackson/module/jackson-module-parameter-names/2.10.0/jackson-module-parameter-names-2.10.0.jar:/home/ranchordas/software/maven/org/springframework/boot/spring-boot-starter-tomcat/2.2.1.RELEASE/spring-boot-starter-tomcat-2.2.1.RELEASE.jar:/home/ranchordas/software/maven/org/apache/tomcat/embed/tomcat-embed-websocket/9.0.27/tomcat-embed-websocket-9.0.27.jar:/home/ranchordas/software/maven/org/springframework/boot/spring-boot-starter-validation/2.2.1.RELEASE/spring-boot-starter-validation-2.2.1.RELEASE.jar:/home/ranchordas/software/maven/jakarta/validation/jakarta.validation-api/2.0.1/jakarta.validation-api-2.0.1.jar:/home/ranchordas/software/maven/org/hibernate/validator/hibernate-validator/6.0.18.Final/hibernate-validator-6.0.18.Final.jar:/home/ranchordas/software/maven/org/springframework/spring-web/5.2.1.RELEASE/spring-web-5.2.1.RELEASE.jar:/home/ranchordas/software/maven/org/springframework/spring-webmvc/5.2.1.RELEASE/spring-webmvc-5.2.1.RELEASE.jar:/home/ranchordas/software/maven/org/springframework/spring-expression/5.2.1.RELEASE/spring-expression-5.2.1.RELEASE.jar:/home/ranchordas/software/maven/mysql/mysql-connector-java/8.0.18/mysql-connector-java-8.0.18.jar:/home/ranchordas/software/maven/commons-beanutils/commons-beanutils/1.9.4/commons-beanutils-1.9.4.jar:/home/ranchordas/software/maven/commons-logging/commons-logging/1.2/commons-logging-1.2.jar:/home/ranchordas/software/maven/commons-collections/commons-collections/3.2.2/commons-collections-3.2.2.jar:/home/ranchordas/software/maven/org/apache/tomcat/tomcat-jasper/9.0.27/tomcat-jasper-9.0.27.jar:/home/ranchordas/software/maven/org/apache/tomcat/tomcat-servlet-api/9.0.27/tomcat-servlet-api-9.0.27.jar:/home/ranchordas/software/maven/org/apache/tomcat/tomcat-juli/9.0.27/tomcat-juli-9.0.27.jar:/home/ranchordas/software/maven/org/apache/tomcat/tomcat-jsp-api/9.0.27/tomcat-jsp-api-9.0.27.jar:/home/ranchordas/software/maven/org/apache/tomcat/tomcat-el-api/9.0.27/tomcat-el-api-9.0.27.jar:/home/ranchordas/software/maven/org/eclipse/jdt/ecj/3.18.0/ecj-3.18.0.jar:/home/ranchordas/software/maven/org/apache/tomcat/tomcat-jasper-el/9.0.27/tomcat-jasper-el-9.0.27.jar:/home/ranchordas/software/maven/org/apache/tomcat/tomcat-api/9.0.27/tomcat-api-9.0.27.jar:/home/ranchordas/software/maven/org/apache/tomcat/tomcat-util-scan/9.0.27/tomcat-util-scan-9.0.27.jar:/home/ranchordas/software/maven/org/apache/tomcat/tomcat-util/9.0.27/tomcat-util-9.0.27.jar:/home/ranchordas/software/maven/org/apache/tomcat/embed/tomcat-embed-jasper/9.0.27/tomcat-embed-jasper-9.0.27.jar:/home/ranchordas/software/maven/org/apache/tomcat/embed/tomcat-embed-core/9.0.27/tomcat-embed-core-9.0.27.jar:/home/ranchordas/software/maven/org/apache/tomcat/tomcat-annotations-api/9.0.27/tomcat-annotations-api-9.0.27.jar:/home/ranchordas/software/maven/org/apache/tomcat/embed/tomcat-embed-el/9.0.27/tomcat-embed-el-9.0.27.jar:/home/ranchordas/software/maven/javax/servlet/jstl/1.2/jstl-1.2.jar:/home/ranchordas/software/maven/com/fasterxml/jackson/core/jackson-databind/2.10.0/jackson-databind-2.10.0.jar:/home/ranchordas/software/maven/com/fasterxml/jackson/core/jackson-annotations/2.10.0/jackson-annotations-2.10.0.jar:/home/ranchordas/software/maven/com/fasterxml/jackson/core/jackson-core/2.10.0/jackson-core-2.10.0.jar:/home/ranchordas/software/maven/org/springframework/spring-jcl/5.2.1.RELEASE/spring-jcl-5.2.1.RELEASE.jar:/home/ranchordas/software/maven/org/projectlombok/lombok/1.18.10/lombok-1.18.10.jar:/home/ranchordas/software/maven/org/springframework/boot/spring-boot-starter-test/2.2.1.RELEASE/spring-boot-starter-test-2.2.1.RELEASE.jar:/home/ranchordas/software/maven/org/springframework/boot/spring-boot-test/2.2.1.RELEASE/spring-boot-test-2.2.1.RELEASE.jar:/home/ranchordas/software/maven/org/springframework/boot/spring-boot-test-autoconfigure/2.2.1.RELEASE/spring-boot-test-autoconfigure-2.2.1.RELEASE.jar:/home/ranchordas/software/maven/com/jayway/jsonpath/json-path/2.4.0/json-path-2.4.0.jar:/home/ranchordas/software/maven/net/minidev/json-smart/2.3/json-smart-2.3.jar:/home/ranchordas/software/maven/net/minidev/accessors-smart/1.2/accessors-smart-1.2.jar:/home/ranchordas/software/maven/org/ow2/asm/asm/5.0.4/asm-5.0.4.jar:/home/ranchordas/software/maven/jakarta/xml/bind/jakarta.xml.bind-api/2.3.2/jakarta.xml.bind-api-2.3.2.jar:/home/ranchordas/software/maven/org/junit/jupiter/junit-jupiter/5.5.2/junit-jupiter-5.5.2.jar:/home/ranchordas/software/maven/org/junit/jupiter/junit-jupiter-api/5.5.2/junit-jupiter-api-5.5.2.jar:/home/ranchordas/software/maven/org/apiguardian/apiguardian-api/1.1.0/apiguardian-api-1.1.0.jar:/home/ranchordas/software/maven/org/opentest4j/opentest4j/1.2.0/opentest4j-1.2.0.jar:/home/ranchordas/software/maven/org/junit/platform/junit-platform-commons/1.5.2/junit-platform-commons-1.5.2.jar:/home/ranchordas/software/maven/org/junit/jupiter/junit-jupiter-params/5.5.2/junit-jupiter-params-5.5.2.jar:/home/ranchordas/software/maven/org/junit/jupiter/junit-jupiter-engine/5.5.2/junit-jupiter-engine-5.5.2.jar:/home/ranchordas/software/maven/org/junit/platform/junit-platform-engine/1.5.2/junit-platform-engine-1.5.2.jar:/home/ranchordas/software/maven/org/mockito/mockito-junit-jupiter/3.1.0/mockito-junit-jupiter-3.1.0.jar:/home/ranchordas/software/maven/org/assertj/assertj-core/3.13.2/assertj-core-3.13.2.jar:/home/ranchordas/software/maven/org/hamcrest/hamcrest/2.1/hamcrest-2.1.jar:/home/ranchordas/software/maven/org/mockito/mockito-core/3.1.0/mockito-core-3.1.0.jar:/home/ranchordas/software/maven/net/bytebuddy/byte-buddy-agent/1.10.2/byte-buddy-agent-1.10.2.jar:/home/ranchordas/software/maven/org/objenesis/objenesis/2.6/objenesis-2.6.jar:/home/ranchordas/software/maven/org/skyscreamer/jsonassert/1.5.0/jsonassert-1.5.0.jar:/home/ranchordas/software/maven/com/vaadin/external/google/android-json/0.0.20131108.vaadin1/android-json-0.0.20131108.vaadin1.jar:/home/ranchordas/software/maven/org/springframework/spring-core/5.2.1.RELEASE/spring-core-5.2.1.RELEASE.jar:/home/ranchordas/software/maven/org/springframework/spring-test/5.2.1.RELEASE/spring-test-5.2.1.RELEASE.jar:/home/ranchordas/software/maven/org/xmlunit/xmlunit-core/2.6.3/xmlunit-core-2.6.3.jar:"/>
    <property name="sun.cpu.endian" value="little"/>
    <property name="user.home" value="/home/ranchordas"/>
    <property name="user.language" value="en"/>
    <property name="java.specification.vendor" value="Oracle Corporation"/>
    <property name="java.home" value="/usr/lib/jvm/jdk1.8.0_112/jre"/>
    <property name="basedir" value="/home/ranchordas/practice/springMVC/ToDoList"/>
    <property name="style.color" value="always"/>
    <property name="file.separator" value="/"/>
    <property name="line.separator" value="&#10;"/>
    <property name="java.vm.specification.vendor" value="Oracle Corporation"/>
    <property name="java.specification.name" value="Java Platform API Specification"/>
    <property name="java.awt.graphicsenv" value="sun.awt.X11GraphicsEnvironment"/>
    <property name="surefire.real.class.path" value="/home/ranchordas/practice/springMVC/ToDoList/target/surefire/surefirebooter3750239976838382580.jar"/>
    <property name="sun.boot.class.path" value="/usr/lib/jvm/jdk1.8.0_112/jre/lib/resources.jar:/usr/lib/jvm/jdk1.8.0_112/jre/lib/rt.jar:/usr/lib/jvm/jdk1.8.0_112/jre/lib/sunrsasign.jar:/usr/lib/jvm/jdk1.8.0_112/jre/lib/jsse.jar:/usr/lib/jvm/jdk1.8.0_112/jre/lib/jce.jar:/usr/lib/jvm/jdk1.8.0_112/jre/lib/charsets.jar:/usr/lib/jvm/jdk1.8.0_112/jre/lib/jfr.jar:/usr/lib/jvm/jdk1.8.0_112/jre/classes"/>
    <property name="sun.management.compiler" value="HotSpot 64-Bit Tiered Compilers"/>
    <property name="java.runtime.version" value="1.8.0_112-b15"/>
    <property name="user.name" value="ranchordas"/>
    <property name="path.separator" value=":"/>
    <property name="os.version" value="4.15.0-54-generic"/>
    <property name="java.endorsed.dirs" value="/usr/lib/jvm/jdk1.8.0_112/jre/lib/endorsed"/>
    <property name="java.runtime.name" value="Java(TM) SE Runtime Environment"/>
    <property name="file.encoding" value="UTF-8"/>
    <property name="java.vm.name" value="Java HotSpot(TM) 64-Bit Server VM"/>
    <property name="localRepository" value="/home/ranchordas/software/maven"/>
    <property name="java.vendor.url.bug" value="http://bugreport.sun.com/bugreport/"/>
    <property name="java.io.tmpdir" value="/tmp"/>
    <property name="java.version" value="1.8.0_112"/>
    <property name="user.dir" value="/home/ranchordas/practice/springMVC/ToDoList"/>
    <property name="os.arch" value="amd64"/>
    <property name="java.vm.specification.name" value="Java Virtual Machine Specification"/>
    <property name="java.awt.printerjob" value="sun.print.PSPrinterJob"/>
    <property name="sun.os.patch.level" value="unknown"/>
    <property name="java.library.path" value="/usr/java/packages/lib/amd64:/usr/lib64:/lib64:/lib:/usr/lib"/>
    <property name="java.vm.info" value="mixed mode"/>
    <property name="java.vendor" value="Oracle Corporation"/>
    <property name="java.vm.version" value="25.112-b15"/>
    <property name="java.ext.dirs" value="/usr/lib/jvm/jdk1.8.0_112/jre/lib/ext:/usr/java/packages/lib/ext"/>
    <property name="sun.io.unicode.encoding" value="UnicodeLittle"/>
    <property name="java.class.version" value="52.0"/>
  </properties>
  <testcase name="com.ToDoList.ToDoListApplicationTests" classname="com.ToDoList.ToDoListApplicationTests" time="1.101">
    <error message="Unable to find a @SpringBootConfiguration, you need to use @ContextConfiguration or @SpringBootTest(classes=...) with your test" type="java.lang.IllegalStateException">java.lang.IllegalStateException: Unable to find a @SpringBootConfiguration, you need to use @ContextConfiguration or @SpringBootTest(classes=...) with your test
</error>
    <system-out><![CDATA[20:01:50.533 [main] DEBUG org.springframework.test.context.BootstrapUtils - Instantiating CacheAwareContextLoaderDelegate from class [org.springframework.test.context.cache.DefaultCacheAwareContextLoaderDelegate]
20:01:50.572 [main] DEBUG org.springframework.test.context.BootstrapUtils - Instantiating BootstrapContext using constructor [public org.springframework.test.context.support.DefaultBootstrapContext(java.lang.Class,org.springframework.test.context.CacheAwareContextLoaderDelegate)]
20:01:50.662 [main] DEBUG org.springframework.test.context.BootstrapUtils - Instantiating TestContextBootstrapper for test class [com.ToDoList.ToDoListApplicationTests] from class [org.springframework.boot.test.context.SpringBootTestContextBootstrapper]
20:01:50.720 [main] INFO org.springframework.boot.test.context.SpringBootTestContextBootstrapper - Neither @ContextConfiguration nor @ContextHierarchy found for test class [com.ToDoList.ToDoListApplicationTests], using SpringBootContextLoader
20:01:50.729 [main] DEBUG org.springframework.test.context.support.AbstractContextLoader - Did not detect default resource location for test class [com.ToDoList.ToDoListApplicationTests]: class path resource [com/ToDoList/ToDoListApplicationTests-context.xml] does not exist
20:01:50.730 [main] DEBUG org.springframework.test.context.support.AbstractContextLoader - Did not detect default resource location for test class [com.ToDoList.ToDoListApplicationTests]: class path resource [com/ToDoList/ToDoListApplicationTestsContext.groovy] does not exist
20:01:50.730 [main] INFO org.springframework.test.context.support.AbstractContextLoader - Could not detect default resource locations for test class [com.ToDoList.ToDoListApplicationTests]: no resource found for suffixes {-context.xml, Context.groovy}.
20:01:50.731 [main] INFO org.springframework.test.context.support.AnnotationConfigContextLoaderUtils - Could not detect default configuration classes for test class [com.ToDoList.ToDoListApplicationTests]: ToDoListApplicationTests does not declare any static, non-private, non-final, nested classes annotated with @Configuration.
20:01:50.832 [main] DEBUG org.springframework.test.context.support.ActiveProfilesUtils - Could not find an 'annotation declaring class' for annotation type [org.springframework.test.context.ActiveProfiles] and class [com.ToDoList.ToDoListApplicationTests]
20:01:51.118 [main] DEBUG org.springframework.test.context.BootstrapUtils - Instantiating CacheAwareContextLoaderDelegate from class [org.springframework.test.context.cache.DefaultCacheAwareContextLoaderDelegate]
20:01:51.118 [main] DEBUG org.springframework.test.context.BootstrapUtils - Instantiating BootstrapContext using constructor [public org.springframework.test.context.support.DefaultBootstrapContext(java.lang.Class,org.springframework.test.context.CacheAwareContextLoaderDelegate)]
20:01:51.119 [main] DEBUG org.springframework.test.context.BootstrapUtils - Instantiating TestContextBootstrapper for test class [com.ToDoList.ToDoListApplicationTests] from class [org.springframework.boot.test.context.SpringBootTestContextBootstrapper]
20:01:51.120 [main] INFO org.springframework.boot.test.context.SpringBootTestContextBootstrapper - Neither @ContextConfiguration nor @ContextHierarchy found for test class [com.ToDoList.ToDoListApplicationTests], using SpringBootContextLoader
20:01:51.121 [main] DEBUG org.springframework.test.context.support.AbstractContextLoader - Did not detect default resource location for test class [com.ToDoList.ToDoListApplicationTests]: class path resource [com/ToDoList/ToDoListApplicationTests-context.xml] does not exist
20:01:51.122 [main] DEBUG org.springframework.test.context.support.AbstractContextLoader - Did not detect default resource location for test class [com.ToDoList.ToDoListApplicationTests]: class path resource [com/ToDoList/ToDoListApplicationTestsContext.groovy] does not exist
20:01:51.137 [main] INFO org.springframework.test.context.support.AbstractContextLoader - Could not detect default resource locations for test class [com.ToDoList.ToDoListApplicationTests]: no resource found for suffixes {-context.xml, Context.groovy}.
20:01:51.137 [main] INFO org.springframework.test.context.support.AnnotationConfigContextLoaderUtils - Could not detect default configuration classes for test class [com.ToDoList.ToDoListApplicationTests]: ToDoListApplicationTests does not declare any static, non-private, non-final, nested classes annotated with @Configuration.
20:01:51.142 [main] DEBUG org.springframework.test.context.support.ActiveProfilesUtils - Could not find an 'annotation declaring class' for annotation type [org.springframework.test.context.ActiveProfiles] and class [com.ToDoList.ToDoListApplicationTests]
20:01:51.255 [main] DEBUG org.springframework.test.context.BootstrapUtils - Instantiating CacheAwareContextLoaderDelegate from class [org.springframework.test.context.cache.DefaultCacheAwareContextLoaderDelegate]
20:01:51.256 [main] DEBUG org.springframework.test.context.BootstrapUtils - Instantiating BootstrapContext using constructor [public org.springframework.test.context.support.DefaultBootstrapContext(java.lang.Class,org.springframework.test.context.CacheAwareContextLoaderDelegate)]
20:01:51.258 [main] DEBUG org.springframework.test.context.BootstrapUtils - Instantiating TestContextBootstrapper for test class [com.ToDoList.ToDoListApplicationTests] from class [org.springframework.boot.test.context.SpringBootTestContextBootstrapper]
20:01:51.268 [main] INFO org.springframework.boot.test.context.SpringBootTestContextBootstrapper - Neither @ContextConfiguration nor @ContextHierarchy found for test class [com.ToDoList.ToDoListApplicationTests], using SpringBootContextLoader
20:01:51.269 [main] DEBUG org.springframework.test.context.support.AbstractContextLoader - Did not detect default resource location for test class [com.ToDoList.ToDoListApplicationTests]: class path resource [com/ToDoList/ToDoListApplicationTests-context.xml] does not exist
20:01:51.279 [main] DEBUG org.springframework.test.context.support.AbstractContextLoader - Did not detect default resource location for test class [com.ToDoList.ToDoListApplicationTests]: class path resource [com/ToDoList/ToDoListApplicationTestsContext.groovy] does not exist
20:01:51.280 [main] INFO org.springframework.test.context.support.AbstractContextLoader - Could not detect default resource locations for test class [com.ToDoList.ToDoListApplicationTests]: no resource found for suffixes {-context.xml, Context.groovy}.
20:01:51.280 [main] INFO org.springframework.test.context.support.AnnotationConfigContextLoaderUtils - Could not detect default configuration classes for test class [com.ToDoList.ToDoListApplicationTests]: ToDoListApplicationTests does not declare any static, non-private, non-final, nested classes annotated with @Configuration.
20:01:51.285 [main] DEBUG org.springframework.test.context.support.ActiveProfilesUtils - Could not find an 'annotation declaring class' for annotation type [org.springframework.test.context.ActiveProfiles] and class [com.ToDoList.ToDoListApplicationTests]
]]></system-out>
  </testcase>
</testsuite>